[2023-06-29 13:16:49] local.ERROR: SQLSTATE[42000] [1203] User dhhkfrjg_taxi already has more than 'max_user_connections' active connections {"exception":"[object] (PDOException(code: 1203): SQLSTATE[42000] [1203] User dhhkfrjg_taxi already has more than 'max_user_connections' active connections at /home2/dhhkfrjg/public_html/taxi.atyarealtors.com/vendor/laravel/framework/src/Illuminate/Database/Connectors/Connector.php:70)
[stacktrace]
#0 /home2/dhhkfrjg/public_html/taxi.atyarealtors.com/vendor/laravel/framework/src/Illuminate/Database/Connectors/Connector.php(70): PDO->__construct()
#1 /home2/dhhkfrjg/public_html/taxi.atyarealtors.com/vendor/laravel/framework/src/Illuminate/Database/Connectors/Connector.php(46): Illuminate\\Database\\Connectors\\Connector->createPdoConnection()
#2 /home2/dhhkfrjg/public_html/taxi.atyarealtors.com/vendor/laravel/framework/src/Illuminate/Database/Connectors/MySqlConnector.php(24): Illuminate\\Database\\Connectors\\Connector->createConnection()
#3 /home2/dhhkfrjg/public_html/taxi.atyarealtors.com/vendor/laravel/framework/src/Illuminate/Database/Connectors/ConnectionFactory.php(184): Illuminate\\Database\\Connectors\\MySqlConnector->connect()
#4 [internal function]: Illuminate\\Database\\Connectors\\ConnectionFactory->Illuminate\\Database\\Connectors\\{closure}()
#5 /home2/dhhkfrjg/public_html/taxi.atyarealtors.com/vendor/laravel/framework/src/Illuminate/Database/Connection.php(1064): call_user_func()
#6 /home2/dhhkfrjg/public_html/taxi.atyarealtors.com/vendor/laravel/framework/src/Illuminate/Database/Connection.php(1014): Illuminate\\Database\\Connection->getPdo()
#7 /home2/dhhkfrjg/public_html/taxi.atyarealtors.com/vendor/laravel/framework/src/Illuminate/Database/Connection.php(994): Illuminate\\Database\\Connection->getDoctrineConnection()
#8 /home2/dhhkfrjg/public_html/taxi.atyarealtors.com/vendor/grimzy/laravel-mysql-spatial/src/MysqlConnection.php(29): Illuminate\\Database\\Connection->getDoctrineSchemaManager()
#9 /home2/dhhkfrjg/public_html/taxi.atyarealtors.com/vendor/grimzy/laravel-mysql-spatial/src/Connectors/ConnectionFactory.php(27): Grimzy\\LaravelMysqlSpatial\\MysqlConnection->__construct()
#10 /home2/dhhkfrjg/public_html/taxi.atyarealtors.com/vendor/laravel/framework/src/Illuminate/Database/Connectors/ConnectionFactory.php(76): Grimzy\\LaravelMysqlSpatial\\Connectors\\ConnectionFactory->createConnection()
#11 /home2/dhhkfrjg/public_html/taxi.atyarealtors.com/vendor/laravel/framework/src/Illuminate/Database/Connectors/ConnectionFactory.php(50): Illuminate\\Database\\Connectors\\ConnectionFactory->createSingleConnection()
#12 /home2/dhhkfrjg/public_html/taxi.atyarealtors.com/vendor/laravel/framework/src/Illuminate/Database/DatabaseManager.php(140): Illuminate\\Database\\Connectors\\ConnectionFactory->make()
#13 /home2/dhhkfrjg/public_html/taxi.atyarealtors.com/vendor/laravel/framework/src/Illuminate/Database/DatabaseManager.php(95): Illuminate\\Database\\DatabaseManager->makeConnection()
#14 /home2/dhhkfrjg/public_html/taxi.atyarealtors.com/vendor/laravel/framework/src/Illuminate/Support/Facades/Schema.php(49): Illuminate\\Database\\DatabaseManager->connection()
#15 /home2/dhhkfrjg/public_html/taxi.atyarealtors.com/vendor/laravel/framework/src/Illuminate/Support/Facades/Facade.php(166): Illuminate\\Support\\Facades\\Schema::getFacadeAccessor()
#16 /home2/dhhkfrjg/public_html/taxi.atyarealtors.com/vendor/laravel/framework/src/Illuminate/Support/Facades/Facade.php(255): Illuminate\\Support\\Facades\\Facade::getFacadeRoot()
#17 /home2/dhhkfrjg/public_html/taxi.atyarealtors.com/app/Providers/AppServiceProvider.php(37): Illuminate\\Support\\Facades\\Facade::__callStatic()
#18 /home2/dhhkfrjg/public_html/taxi.atyarealtors.com/vendor/laravel/framework/src/Illuminate/Container/BoundMethod.php(36): App\\Providers\\AppServiceProvider->boot()
#19 /home2/dhhkfrjg/public_html/taxi.atyarealtors.com/vendor/laravel/framework/src/Illuminate/Container/Util.php(40): Illuminate\\Container\\BoundMethod::Illuminate\\Container\\{closure}()
#20 /home2/dhhkfrjg/public_html/taxi.atyarealtors.com/vendor/laravel/framework/src/Illuminate/Container/BoundMethod.php(93): Illuminate\\Container\\Util::unwrapIfClosure()
#21 /home2/dhhkfrjg/public_html/taxi.atyarealtors.com/vendor/laravel/framework/src/Illuminate/Container/BoundMethod.php(37): Illuminate\\Container\\BoundMethod::callBoundMethod()
#22 /home2/dhhkfrjg/public_html/taxi.atyarealtors.com/vendor/laravel/framework/src/Illuminate/Container/Container.php(653): Illuminate\\Container\\BoundMethod::call()
#23 /home2/dhhkfrjg/public_html/taxi.atyarealtors.com/vendor/laravel/framework/src/Illuminate/Foundation/Application.php(924): Illuminate\\Container\\Container->call()
#24 /home2/dhhkfrjg/public_html/taxi.atyarealtors.com/vendor/laravel/framework/src/Illuminate/Foundation/Application.php(905): Illuminate\\Foundation\\Application->bootProvider()
#25 [internal function]: Illuminate\\Foundation\\Application->Illuminate\\Foundation\\{closure}()
#26 /home2/dhhkfrjg/public_html/taxi.atyarealtors.com/vendor/laravel/framework/src/Illuminate/Foundation/Application.php(906): array_walk()
#27 /home2/dhhkfrjg/public_html/taxi.atyarealtors.com/vendor/laravel/framework/src/Illuminate/Foundation/Bootstrap/BootProviders.php(17): Illuminate\\Foundation\\Application->boot()
#28 /home2/dhhkfrjg/public_html/taxi.atyarealtors.com/vendor/laravel/framework/src/Illuminate/Foundation/Application.php(237): Illuminate\\Foundation\\Bootstrap\\BootProviders->bootstrap()
#29 /home2/dhhkfrjg/public_html/taxi.atyarealtors.com/vendor/laravel/framework/src/Illuminate/Foundation/Http/Kernel.php(153): Illuminate\\Foundation\\Application->bootstrapWith()
#30 /home2/dhhkfrjg/public_html/taxi.atyarealtors.com/vendor/laravel/framework/src/Illuminate/Foundation/Http/Kernel.php(137): Illuminate\\Foundation\\Http\\Kernel->bootstrap()
#31 /home2/dhhkfrjg/public_html/taxi.atyarealtors.com/vendor/laravel/framework/src/Illuminate/Foundation/Http/Kernel.php(111): Illuminate\\Foundation\\Http\\Kernel->sendRequestThroughRouter()
#32 /home2/dhhkfrjg/public_html/taxi.atyarealtors.com/public/index.php(52): Illuminate\\Foundation\\Http\\Kernel->handle()
#33 {main}
"} 
[2023-06-29 13:16:49] local.ERROR: SQLSTATE[42000] [1203] User dhhkfrjg_taxi already has more than 'max_user_connections' active connections {"exception":"[object] (PDOException(code: 1203): SQLSTATE[42000] [1203] User dhhkfrjg_taxi already has more than 'max_user_connections' active connections at /home2/dhhkfrjg/public_html/taxi.atyarealtors.com/vendor/laravel/framework/src/Illuminate/Database/Connectors/Connector.php:70)
[stacktrace]
#0 /home2/dhhkfrjg/public_html/taxi.atyarealtors.com/vendor/laravel/framework/src/Illuminate/Database/Connectors/Connector.php(70): PDO->__construct()
#1 /home2/dhhkfrjg/public_html/taxi.atyarealtors.com/vendor/laravel/framework/src/Illuminate/Database/Connectors/Connector.php(46): Illuminate\\Database\\Connectors\\Connector->createPdoConnection()
#2 /home2/dhhkfrjg/public_html/taxi.atyarealtors.com/vendor/laravel/framework/src/Illuminate/Database/Connectors/MySqlConnector.php(24): Illuminate\\Database\\Connectors\\Connector->createConnection()
#3 /home2/dhhkfrjg/public_html/taxi.atyarealtors.com/vendor/laravel/framework/src/Illuminate/Database/Connectors/ConnectionFactory.php(184): Illuminate\\Database\\Connectors\\MySqlConnector->connect()
#4 [internal function]: Illuminate\\Database\\Connectors\\ConnectionFactory->Illuminate\\Database\\Connectors\\{closure}()
#5 /home2/dhhkfrjg/public_html/taxi.atyarealtors.com/vendor/laravel/framework/src/Illuminate/Database/Connection.php(1064): call_user_func()
#6 /home2/dhhkfrjg/public_html/taxi.atyarealtors.com/vendor/laravel/framework/src/Illuminate/Database/Connection.php(1014): Illuminate\\Database\\Connection->getPdo()
#7 /home2/dhhkfrjg/public_html/taxi.atyarealtors.com/vendor/laravel/framework/src/Illuminate/Database/Connection.php(994): Illuminate\\Database\\Connection->getDoctrineConnection()
#8 /home2/dhhkfrjg/public_html/taxi.atyarealtors.com/vendor/grimzy/laravel-mysql-spatial/src/MysqlConnection.php(29): Illuminate\\Database\\Connection->getDoctrineSchemaManager()
#9 /home2/dhhkfrjg/public_html/taxi.atyarealtors.com/vendor/grimzy/laravel-mysql-spatial/src/Connectors/ConnectionFactory.php(27): Grimzy\\LaravelMysqlSpatial\\MysqlConnection->__construct()
#10 /home2/dhhkfrjg/public_html/taxi.atyarealtors.com/vendor/laravel/framework/src/Illuminate/Database/Connectors/ConnectionFactory.php(76): Grimzy\\LaravelMysqlSpatial\\Connectors\\ConnectionFactory->createConnection()
#11 /home2/dhhkfrjg/public_html/taxi.atyarealtors.com/vendor/laravel/framework/src/Illuminate/Database/Connectors/ConnectionFactory.php(50): Illuminate\\Database\\Connectors\\ConnectionFactory->createSingleConnection()
#12 /home2/dhhkfrjg/public_html/taxi.atyarealtors.com/vendor/laravel/framework/src/Illuminate/Database/DatabaseManager.php(140): Illuminate\\Database\\Connectors\\ConnectionFactory->make()
#13 /home2/dhhkfrjg/public_html/taxi.atyarealtors.com/vendor/laravel/framework/src/Illuminate/Database/DatabaseManager.php(95): Illuminate\\Database\\DatabaseManager->makeConnection()
#14 /home2/dhhkfrjg/public_html/taxi.atyarealtors.com/vendor/laravel/framework/src/Illuminate/Support/Facades/Schema.php(49): Illuminate\\Database\\DatabaseManager->connection()
#15 /home2/dhhkfrjg/public_html/taxi.atyarealtors.com/vendor/laravel/framework/src/Illuminate/Support/Facades/Facade.php(166): Illuminate\\Support\\Facades\\Schema::getFacadeAccessor()
#16 /home2/dhhkfrjg/public_html/taxi.atyarealtors.com/vendor/laravel/framework/src/Illuminate/Support/Facades/Facade.php(255): Illuminate\\Support\\Facades\\Facade::getFacadeRoot()
#17 /home2/dhhkfrjg/public_html/taxi.atyarealtors.com/app/Providers/AppServiceProvider.php(37): Illuminate\\Support\\Facades\\Facade::__callStatic()
#18 /home2/dhhkfrjg/public_html/taxi.atyarealtors.com/vendor/laravel/framework/src/Illuminate/Container/BoundMethod.php(36): App\\Providers\\AppServiceProvider->boot()
#19 /home2/dhhkfrjg/public_html/taxi.atyarealtors.com/vendor/laravel/framework/src/Illuminate/Container/Util.php(40): Illuminate\\Container\\BoundMethod::Illuminate\\Container\\{closure}()
#20 /home2/dhhkfrjg/public_html/taxi.atyarealtors.com/vendor/laravel/framework/src/Illuminate/Container/BoundMethod.php(93): Illuminate\\Container\\Util::unwrapIfClosure()
#21 /home2/dhhkfrjg/public_html/taxi.atyarealtors.com/vendor/laravel/framework/src/Illuminate/Container/BoundMethod.php(37): Illuminate\\Container\\BoundMethod::callBoundMethod()
#22 /home2/dhhkfrjg/public_html/taxi.atyarealtors.com/vendor/laravel/framework/src/Illuminate/Container/Container.php(653): Illuminate\\Container\\BoundMethod::call()
#23 /home2/dhhkfrjg/public_html/taxi.atyarealtors.com/vendor/laravel/framework/src/Illuminate/Foundation/Application.php(924): Illuminate\\Container\\Container->call()
#24 /home2/dhhkfrjg/public_html/taxi.atyarealtors.com/vendor/laravel/framework/src/Illuminate/Foundation/Application.php(905): Illuminate\\Foundation\\Application->bootProvider()
#25 [internal function]: Illuminate\\Foundation\\Application->Illuminate\\Foundation\\{closure}()
#26 /home2/dhhkfrjg/public_html/taxi.atyarealtors.com/vendor/laravel/framework/src/Illuminate/Foundation/Application.php(906): array_walk()
#27 /home2/dhhkfrjg/public_html/taxi.atyarealtors.com/vendor/laravel/framework/src/Illuminate/Foundation/Bootstrap/BootProviders.php(17): Illuminate\\Foundation\\Application->boot()
#28 /home2/dhhkfrjg/public_html/taxi.atyarealtors.com/vendor/laravel/framework/src/Illuminate/Foundation/Application.php(237): Illuminate\\Foundation\\Bootstrap\\BootProviders->bootstrap()
#29 /home2/dhhkfrjg/public_html/taxi.atyarealtors.com/vendor/laravel/framework/src/Illuminate/Foundation/Http/Kernel.php(153): Illuminate\\Foundation\\Application->bootstrapWith()
#30 /home2/dhhkfrjg/public_html/taxi.atyarealtors.com/vendor/laravel/framework/src/Illuminate/Foundation/Http/Kernel.php(137): Illuminate\\Foundation\\Http\\Kernel->bootstrap()
#31 /home2/dhhkfrjg/public_html/taxi.atyarealtors.com/vendor/laravel/framework/src/Illuminate/Foundation/Http/Kernel.php(111): Illuminate\\Foundation\\Http\\Kernel->sendRequestThroughRouter()
#32 /home2/dhhkfrjg/public_html/taxi.atyarealtors.com/public/index.php(52): Illuminate\\Foundation\\Http\\Kernel->handle()
#33 {main}
"} 
[2023-06-29 13:16:49] local.ERROR: SQLSTATE[42000] [1203] User dhhkfrjg_taxi already has more than 'max_user_connections' active connections {"exception":"[object] (PDOException(code: 1203): SQLSTATE[42000] [1203] User dhhkfrjg_taxi already has more than 'max_user_connections' active connections at /home2/dhhkfrjg/public_html/taxi.atyarealtors.com/vendor/laravel/framework/src/Illuminate/Database/Connectors/Connector.php:70)
[stacktrace]
#0 /home2/dhhkfrjg/public_html/taxi.atyarealtors.com/vendor/laravel/framework/src/Illuminate/Database/Connectors/Connector.php(70): PDO->__construct()
#1 /home2/dhhkfrjg/public_html/taxi.atyarealtors.com/vendor/laravel/framework/src/Illuminate/Database/Connectors/Connector.php(46): Illuminate\\Database\\Connectors\\Connector->createPdoConnection()
#2 /home2/dhhkfrjg/public_html/taxi.atyarealtors.com/vendor/laravel/framework/src/Illuminate/Database/Connectors/MySqlConnector.php(24): Illuminate\\Database\\Connectors\\Connector->createConnection()
#3 /home2/dhhkfrjg/public_html/taxi.atyarealtors.com/vendor/laravel/framework/src/Illuminate/Database/Connectors/ConnectionFactory.php(184): Illuminate\\Database\\Connectors\\MySqlConnector->connect()
#4 [internal function]: Illuminate\\Database\\Connectors\\ConnectionFactory->Illuminate\\Database\\Connectors\\{closure}()
#5 /home2/dhhkfrjg/public_html/taxi.atyarealtors.com/vendor/laravel/framework/src/Illuminate/Database/Connection.php(1064): call_user_func()
#6 /home2/dhhkfrjg/public_html/taxi.atyarealtors.com/vendor/laravel/framework/src/Illuminate/Database/Connection.php(1014): Illuminate\\Database\\Connection->getPdo()
#7 /home2/dhhkfrjg/public_html/taxi.atyarealtors.com/vendor/laravel/framework/src/Illuminate/Database/Connection.php(994): Illuminate\\Database\\Connection->getDoctrineConnection()
#8 /home2/dhhkfrjg/public_html/taxi.atyarealtors.com/vendor/grimzy/laravel-mysql-spatial/src/MysqlConnection.php(29): Illuminate\\Database\\Connection->getDoctrineSchemaManager()
#9 /home2/dhhkfrjg/public_html/taxi.atyarealtors.com/vendor/grimzy/laravel-mysql-spatial/src/Connectors/ConnectionFactory.php(27): Grimzy\\LaravelMysqlSpatial\\MysqlConnection->__construct()
#10 /home2/dhhkfrjg/public_html/taxi.atyarealtors.com/vendor/laravel/framework/src/Illuminate/Database/Connectors/ConnectionFactory.php(76): Grimzy\\LaravelMysqlSpatial\\Connectors\\ConnectionFactory->createConnection()
#11 /home2/dhhkfrjg/public_html/taxi.atyarealtors.com/vendor/laravel/framework/src/Illuminate/Database/Connectors/ConnectionFactory.php(50): Illuminate\\Database\\Connectors\\ConnectionFactory->createSingleConnection()
#12 /home2/dhhkfrjg/public_html/taxi.atyarealtors.com/vendor/laravel/framework/src/Illuminate/Database/DatabaseManager.php(140): Illuminate\\Database\\Connectors\\ConnectionFactory->make()
#13 /home2/dhhkfrjg/public_html/taxi.atyarealtors.com/vendor/laravel/framework/src/Illuminate/Database/DatabaseManager.php(95): Illuminate\\Database\\DatabaseManager->makeConnection()
#14 /home2/dhhkfrjg/public_html/taxi.atyarealtors.com/vendor/laravel/framework/src/Illuminate/Support/Facades/Schema.php(49): Illuminate\\Database\\DatabaseManager->connection()
#15 /home2/dhhkfrjg/public_html/taxi.atyarealtors.com/vendor/laravel/framework/src/Illuminate/Support/Facades/Facade.php(166): Illuminate\\Support\\Facades\\Schema::getFacadeAccessor()
#16 /home2/dhhkfrjg/public_html/taxi.atyarealtors.com/vendor/laravel/framework/src/Illuminate/Support/Facades/Facade.php(255): Illuminate\\Support\\Facades\\Facade::getFacadeRoot()
#17 /home2/dhhkfrjg/public_html/taxi.atyarealtors.com/app/Providers/AppServiceProvider.php(37): Illuminate\\Support\\Facades\\Facade::__callStatic()
#18 /home2/dhhkfrjg/public_html/taxi.atyarealtors.com/vendor/laravel/framework/src/Illuminate/Container/BoundMethod.php(36): App\\Providers\\AppServiceProvider->boot()
#19 /home2/dhhkfrjg/public_html/taxi.atyarealtors.com/vendor/laravel/framework/src/Illuminate/Container/Util.php(40): Illuminate\\Container\\BoundMethod::Illuminate\\Container\\{closure}()
#20 /home2/dhhkfrjg/public_html/taxi.atyarealtors.com/vendor/laravel/framework/src/Illuminate/Container/BoundMethod.php(93): Illuminate\\Container\\Util::unwrapIfClosure()
#21 /home2/dhhkfrjg/public_html/taxi.atyarealtors.com/vendor/laravel/framework/src/Illuminate/Container/BoundMethod.php(37): Illuminate\\Container\\BoundMethod::callBoundMethod()
#22 /home2/dhhkfrjg/public_html/taxi.atyarealtors.com/vendor/laravel/framework/src/Illuminate/Container/Container.php(653): Illuminate\\Container\\BoundMethod::call()
#23 /home2/dhhkfrjg/public_html/taxi.atyarealtors.com/vendor/laravel/framework/src/Illuminate/Foundation/Application.php(924): Illuminate\\Container\\Container->call()
#24 /home2/dhhkfrjg/public_html/taxi.atyarealtors.com/vendor/laravel/framework/src/Illuminate/Foundation/Application.php(905): Illuminate\\Foundation\\Application->bootProvider()
#25 [internal function]: Illuminate\\Foundation\\Application->Illuminate\\Foundation\\{closure}()
#26 /home2/dhhkfrjg/public_html/taxi.atyarealtors.com/vendor/laravel/framework/src/Illuminate/Foundation/Application.php(906): array_walk()
#27 /home2/dhhkfrjg/public_html/taxi.atyarealtors.com/vendor/laravel/framework/src/Illuminate/Foundation/Bootstrap/BootProviders.php(17): Illuminate\\Foundation\\Application->boot()
#28 /home2/dhhkfrjg/public_html/taxi.atyarealtors.com/vendor/laravel/framework/src/Illuminate/Foundation/Application.php(237): Illuminate\\Foundation\\Bootstrap\\BootProviders->bootstrap()
#29 /home2/dhhkfrjg/public_html/taxi.atyarealtors.com/vendor/laravel/framework/src/Illuminate/Foundation/Http/Kernel.php(153): Illuminate\\Foundation\\Application->bootstrapWith()
#30 /home2/dhhkfrjg/public_html/taxi.atyarealtors.com/vendor/laravel/framework/src/Illuminate/Foundation/Http/Kernel.php(137): Illuminate\\Foundation\\Http\\Kernel->bootstrap()
#31 /home2/dhhkfrjg/public_html/taxi.atyarealtors.com/vendor/laravel/framework/src/Illuminate/Foundation/Http/Kernel.php(111): Illuminate\\Foundation\\Http\\Kernel->sendRequestThroughRouter()
#32 /home2/dhhkfrjg/public_html/taxi.atyarealtors.com/public/index.php(52): Illuminate\\Foundation\\Http\\Kernel->handle()
#33 {main}
"} 
[2023-06-29 13:16:49] local.ERROR: SQLSTATE[42000] [1203] User dhhkfrjg_taxi already has more than 'max_user_connections' active connections {"exception":"[object] (PDOException(code: 1203): SQLSTATE[42000] [1203] User dhhkfrjg_taxi already has more than 'max_user_connections' active connections at /home2/dhhkfrjg/public_html/taxi.atyarealtors.com/vendor/laravel/framework/src/Illuminate/Database/Connectors/Connector.php:70)
[stacktrace]
#0 /home2/dhhkfrjg/public_html/taxi.atyarealtors.com/vendor/laravel/framework/src/Illuminate/Database/Connectors/Connector.php(70): PDO->__construct()
#1 /home2/dhhkfrjg/public_html/taxi.atyarealtors.com/vendor/laravel/framework/src/Illuminate/Database/Connectors/Connector.php(46): Illuminate\\Database\\Connectors\\Connector->createPdoConnection()
#2 /home2/dhhkfrjg/public_html/taxi.atyarealtors.com/vendor/laravel/framework/src/Illuminate/Database/Connectors/MySqlConnector.php(24): Illuminate\\Database\\Connectors\\Connector->createConnection()
#3 /home2/dhhkfrjg/public_html/taxi.atyarealtors.com/vendor/laravel/framework/src/Illuminate/Database/Connectors/ConnectionFactory.php(184): Illuminate\\Database\\Connectors\\MySqlConnector->connect()
#4 [internal function]: Illuminate\\Database\\Connectors\\ConnectionFactory->Illuminate\\Database\\Connectors\\{closure}()
#5 /home2/dhhkfrjg/public_html/taxi.atyarealtors.com/vendor/laravel/framework/src/Illuminate/Database/Connection.php(1064): call_user_func()
#6 /home2/dhhkfrjg/public_html/taxi.atyarealtors.com/vendor/laravel/framework/src/Illuminate/Database/Connection.php(1014): Illuminate\\Database\\Connection->getPdo()
#7 /home2/dhhkfrjg/public_html/taxi.atyarealtors.com/vendor/laravel/framework/src/Illuminate/Database/Connection.php(994): Illuminate\\Database\\Connection->getDoctrineConnection()
#8 /home2/dhhkfrjg/public_html/taxi.atyarealtors.com/vendor/grimzy/laravel-mysql-spatial/src/MysqlConnection.php(29): Illuminate\\Database\\Connection->getDoctrineSchemaManager()
#9 /home2/dhhkfrjg/public_html/taxi.atyarealtors.com/vendor/grimzy/laravel-mysql-spatial/src/Connectors/ConnectionFactory.php(27): Grimzy\\LaravelMysqlSpatial\\MysqlConnection->__construct()
#10 /home2/dhhkfrjg/public_html/taxi.atyarealtors.com/vendor/laravel/framework/src/Illuminate/Database/Connectors/ConnectionFactory.php(76): Grimzy\\LaravelMysqlSpatial\\Connectors\\ConnectionFactory->createConnection()
#11 /home2/dhhkfrjg/public_html/taxi.atyarealtors.com/vendor/laravel/framework/src/Illuminate/Database/Connectors/ConnectionFactory.php(50): Illuminate\\Database\\Connectors\\ConnectionFactory->createSingleConnection()
#12 /home2/dhhkfrjg/public_html/taxi.atyarealtors.com/vendor/laravel/framework/src/Illuminate/Database/DatabaseManager.php(140): Illuminate\\Database\\Connectors\\ConnectionFactory->make()
#13 /home2/dhhkfrjg/public_html/taxi.atyarealtors.com/vendor/laravel/framework/src/Illuminate/Database/DatabaseManager.php(95): Illuminate\\Database\\DatabaseManager->makeConnection()
#14 /home2/dhhkfrjg/public_html/taxi.atyarealtors.com/vendor/laravel/framework/src/Illuminate/Support/Facades/Schema.php(49): Illuminate\\Database\\DatabaseManager->connection()
#15 /home2/dhhkfrjg/public_html/taxi.atyarealtors.com/vendor/laravel/framework/src/Illuminate/Support/Facades/Facade.php(166): Illuminate\\Support\\Facades\\Schema::getFacadeAccessor()
#16 /home2/dhhkfrjg/public_html/taxi.atyarealtors.com/vendor/laravel/framework/src/Illuminate/Support/Facades/Facade.php(255): Illuminate\\Support\\Facades\\Facade::getFacadeRoot()
#17 /home2/dhhkfrjg/public_html/taxi.atyarealtors.com/app/Providers/AppServiceProvider.php(37): Illuminate\\Support\\Facades\\Facade::__callStatic()
#18 /home2/dhhkfrjg/public_html/taxi.atyarealtors.com/vendor/laravel/framework/src/Illuminate/Container/BoundMethod.php(36): App\\Providers\\AppServiceProvider->boot()
#19 /home2/dhhkfrjg/public_html/taxi.atyarealtors.com/vendor/laravel/framework/src/Illuminate/Container/Util.php(40): Illuminate\\Container\\BoundMethod::Illuminate\\Container\\{closure}()
#20 /home2/dhhkfrjg/public_html/taxi.atyarealtors.com/vendor/laravel/framework/src/Illuminate/Container/BoundMethod.php(93): Illuminate\\Container\\Util::unwrapIfClosure()
#21 /home2/dhhkfrjg/public_html/taxi.atyarealtors.com/vendor/laravel/framework/src/Illuminate/Container/BoundMethod.php(37): Illuminate\\Container\\BoundMethod::callBoundMethod()
#22 /home2/dhhkfrjg/public_html/taxi.atyarealtors.com/vendor/laravel/framework/src/Illuminate/Container/Container.php(653): Illuminate\\Container\\BoundMethod::call()
#23 /home2/dhhkfrjg/public_html/taxi.atyarealtors.com/vendor/laravel/framework/src/Illuminate/Foundation/Application.php(924): Illuminate\\Container\\Container->call()
#24 /home2/dhhkfrjg/public_html/taxi.atyarealtors.com/vendor/laravel/framework/src/Illuminate/Foundation/Application.php(905): Illuminate\\Foundation\\Application->bootProvider()
#25 [internal function]: Illuminate\\Foundation\\Application->Illuminate\\Foundation\\{closure}()
#26 /home2/dhhkfrjg/public_html/taxi.atyarealtors.com/vendor/laravel/framework/src/Illuminate/Foundation/Application.php(906): array_walk()
#27 /home2/dhhkfrjg/public_html/taxi.atyarealtors.com/vendor/laravel/framework/src/Illuminate/Foundation/Bootstrap/BootProviders.php(17): Illuminate\\Foundation\\Application->boot()
#28 /home2/dhhkfrjg/public_html/taxi.atyarealtors.com/vendor/laravel/framework/src/Illuminate/Foundation/Application.php(237): Illuminate\\Foundation\\Bootstrap\\BootProviders->bootstrap()
#29 /home2/dhhkfrjg/public_html/taxi.atyarealtors.com/vendor/laravel/framework/src/Illuminate/Foundation/Http/Kernel.php(153): Illuminate\\Foundation\\Application->bootstrapWith()
#30 /home2/dhhkfrjg/public_html/taxi.atyarealtors.com/vendor/laravel/framework/src/Illuminate/Foundation/Http/Kernel.php(137): Illuminate\\Foundation\\Http\\Kernel->bootstrap()
#31 /home2/dhhkfrjg/public_html/taxi.atyarealtors.com/vendor/laravel/framework/src/Illuminate/Foundation/Http/Kernel.php(111): Illuminate\\Foundation\\Http\\Kernel->sendRequestThroughRouter()
#32 /home2/dhhkfrjg/public_html/taxi.atyarealtors.com/public/index.php(52): Illuminate\\Foundation\\Http\\Kernel->handle()
#33 {main}
"} 
