[2023-07-04 04:49:00] local.ERROR: Illuminate\Auth\SessionGuard::login(): Argument #1 ($user) must be of type Illuminate\Contracts\Auth\Authenticatable, null given, called in /home2/dhhkfrjg/public_html/taxi.atyarealtors.com/app/Http/Controllers/Web/FrontPageController.php on line 45 {"exception":"[object] (TypeError(code: 0): Illuminate\\Auth\\SessionGuard::login(): Argument #1 ($user) must be of type Illuminate\\Contracts\\Auth\\Authenticatable, null given, called in /home2/dhhkfrjg/public_html/taxi.atyarealtors.com/app/Http/Controllers/Web/FrontPageController.php on line 45 at /home2/dhhkfrjg/public_html/taxi.atyarealtors.com/vendor/laravel/framework/src/Illuminate/Auth/SessionGuard.php:489)
[stacktrace]
#0 /home2/dhhkfrjg/public_html/taxi.atyarealtors.com/app/Http/Controllers/Web/FrontPageController.php(45): Illuminate\\Auth\\SessionGuard->login()
#1 /home2/dhhkfrjg/public_html/taxi.atyarealtors.com/vendor/laravel/framework/src/Illuminate/Routing/Controller.php(54): App\\Http\\Controllers\\Web\\FrontPageController->index()
#2 /home2/dhhkfrjg/public_html/taxi.atyarealtors.com/vendor/laravel/framework/src/Illuminate/Routing/ControllerDispatcher.php(45): Illuminate\\Routing\\Controller->callAction()
#3 /home2/dhhkfrjg/public_html/taxi.atyarealtors.com/vendor/laravel/framework/src/Illuminate/Routing/Route.php(262): Illuminate\\Routing\\ControllerDispatcher->dispatch()
#4 /home2/dhhkfrjg/public_html/taxi.atyarealtors.com/vendor/laravel/framework/src/Illuminate/Routing/Route.php(205): Illuminate\\Routing\\Route->runController()
#5 /home2/dhhkfrjg/public_html/taxi.atyarealtors.com/vendor/laravel/framework/src/Illuminate/Routing/Router.php(721): Illuminate\\Routing\\Route->run()
#6 /home2/dhhkfrjg/public_html/taxi.atyarealtors.com/vendor/laravel/framework/src/Illuminate/Pipeline/Pipeline.php(128): Illuminate\\Routing\\Router->Illuminate\\Routing\\{closure}()
#7 /home2/dhhkfrjg/public_html/taxi.atyarealtors.com/vendor/laravel/passport/src/Http/Middleware/CreateFreshApiToken.php(50): Illuminate\\Pipeline\\Pipeline->Illuminate\\Pipeline\\{closure}()
#8 /home2/dhhkfrjg/public_html/taxi.atyarealtors.com/vendor/laravel/framework/src/Illuminate/Pipeline/Pipeline.php(167): Laravel\\Passport\\Http\\Middleware\\CreateFreshApiToken->handle()
#9 /home2/dhhkfrjg/public_html/taxi.atyarealtors.com/vendor/laravel/framework/src/Illuminate/Routing/Middleware/SubstituteBindings.php(50): Illuminate\\Pipeline\\Pipeline->Illuminate\\Pipeline\\{closure}()
#10 /home2/dhhkfrjg/public_html/taxi.atyarealtors.com/vendor/laravel/framework/src/Illuminate/Pipeline/Pipeline.php(167): Illuminate\\Routing\\Middleware\\SubstituteBindings->handle()
#11 /home2/dhhkfrjg/public_html/taxi.atyarealtors.com/vendor/laravel/framework/src/Illuminate/Foundation/Http/Middleware/VerifyCsrfToken.php(78): Illuminate\\Pipeline\\Pipeline->Illuminate\\Pipeline\\{closure}()
#12 /home2/dhhkfrjg/public_html/taxi.atyarealtors.com/vendor/laravel/framework/src/Illuminate/Pipeline/Pipeline.php(167): Illuminate\\Foundation\\Http\\Middleware\\VerifyCsrfToken->handle()
#13 /home2/dhhkfrjg/public_html/taxi.atyarealtors.com/vendor/laravel/framework/src/Illuminate/View/Middleware/ShareErrorsFromSession.php(49): Illuminate\\Pipeline\\Pipeline->Illuminate\\Pipeline\\{closure}()
#14 /home2/dhhkfrjg/public_html/taxi.atyarealtors.com/vendor/laravel/framework/src/Illuminate/Pipeline/Pipeline.php(167): Illuminate\\View\\Middleware\\ShareErrorsFromSession->handle()
#15 /home2/dhhkfrjg/public_html/taxi.atyarealtors.com/app/Http/Middleware/SetLocale.php(24): Illuminate\\Pipeline\\Pipeline->Illuminate\\Pipeline\\{closure}()
#16 /home2/dhhkfrjg/public_html/taxi.atyarealtors.com/vendor/laravel/framework/src/Illuminate/Pipeline/Pipeline.php(167): App\\Http\\Middleware\\SetLocale->handle()
#17 /home2/dhhkfrjg/public_html/taxi.atyarealtors.com/vendor/laravel/framework/src/Illuminate/Session/Middleware/StartSession.php(121): Illuminate\\Pipeline\\Pipeline->Illuminate\\Pipeline\\{closure}()
#18 /home2/dhhkfrjg/public_html/taxi.atyarealtors.com/vendor/laravel/framework/src/Illuminate/Session/Middleware/StartSession.php(64): Illuminate\\Session\\Middleware\\StartSession->handleStatefulRequest()
#19 /home2/dhhkfrjg/public_html/taxi.atyarealtors.com/vendor/laravel/framework/src/Illuminate/Pipeline/Pipeline.php(167): Illuminate\\Session\\Middleware\\StartSession->handle()
#20 /home2/dhhkfrjg/public_html/taxi.atyarealtors.com/vendor/laravel/framework/src/Illuminate/Cookie/Middleware/AddQueuedCookiesToResponse.php(37): Illuminate\\Pipeline\\Pipeline->Illuminate\\Pipeline\\{closure}()
#21 /home2/dhhkfrjg/public_html/taxi.atyarealtors.com/vendor/laravel/framework/src/Illuminate/Pipeline/Pipeline.php(167): Illuminate\\Cookie\\Middleware\\AddQueuedCookiesToResponse->handle()
#22 /home2/dhhkfrjg/public_html/taxi.atyarealtors.com/vendor/laravel/framework/src/Illuminate/Cookie/Middleware/EncryptCookies.php(67): Illuminate\\Pipeline\\Pipeline->Illuminate\\Pipeline\\{closure}()
#23 /home2/dhhkfrjg/public_html/taxi.atyarealtors.com/vendor/laravel/framework/src/Illuminate/Pipeline/Pipeline.php(167): Illuminate\\Cookie\\Middleware\\EncryptCookies->handle()
#24 /home2/dhhkfrjg/public_html/taxi.atyarealtors.com/vendor/laravel/framework/src/Illuminate/Pipeline/Pipeline.php(103): Illuminate\\Pipeline\\Pipeline->Illuminate\\Pipeline\\{closure}()
#25 /home2/dhhkfrjg/public_html/taxi.atyarealtors.com/vendor/laravel/framework/src/Illuminate/Routing/Router.php(723): Illuminate\\Pipeline\\Pipeline->then()
#26 /home2/dhhkfrjg/public_html/taxi.atyarealtors.com/vendor/laravel/framework/src/Illuminate/Routing/Router.php(698): Illuminate\\Routing\\Router->runRouteWithinStack()
#27 /home2/dhhkfrjg/public_html/taxi.atyarealtors.com/vendor/laravel/framework/src/Illuminate/Routing/Router.php(662): Illuminate\\Routing\\Router->runRoute()
#28 /home2/dhhkfrjg/public_html/taxi.atyarealtors.com/vendor/laravel/framework/src/Illuminate/Routing/Router.php(651): Illuminate\\Routing\\Router->dispatchToRoute()
#29 /home2/dhhkfrjg/public_html/taxi.atyarealtors.com/vendor/laravel/framework/src/Illuminate/Foundation/Http/Kernel.php(167): Illuminate\\Routing\\Router->dispatch()
#30 /home2/dhhkfrjg/public_html/taxi.atyarealtors.com/vendor/laravel/framework/src/Illuminate/Pipeline/Pipeline.php(128): Illuminate\\Foundation\\Http\\Kernel->Illuminate\\Foundation\\Http\\{closure}()
#31 /home2/dhhkfrjg/public_html/taxi.atyarealtors.com/vendor/proengsoft/laravel-jsvalidation/src/RemoteValidationMiddleware.php(61): Illuminate\\Pipeline\\Pipeline->Illuminate\\Pipeline\\{closure}()
#32 /home2/dhhkfrjg/public_html/taxi.atyarealtors.com/vendor/laravel/framework/src/Illuminate/Pipeline/Pipeline.php(167): Proengsoft\\JsValidation\\RemoteValidationMiddleware->handle()
#33 /home2/dhhkfrjg/public_html/taxi.atyarealtors.com/vendor/barryvdh/laravel-debugbar/src/Middleware/InjectDebugbar.php(66): Illuminate\\Pipeline\\Pipeline->Illuminate\\Pipeline\\{closure}()
#34 /home2/dhhkfrjg/public_html/taxi.atyarealtors.com/vendor/laravel/framework/src/Illuminate/Pipeline/Pipeline.php(167): Barryvdh\\Debugbar\\Middleware\\InjectDebugbar->handle()
#35 /home2/dhhkfrjg/public_html/taxi.atyarealtors.com/app/Http/Middleware/PjaxMiddleware.php(21): Illuminate\\Pipeline\\Pipeline->Illuminate\\Pipeline\\{closure}()
#36 /home2/dhhkfrjg/public_html/taxi.atyarealtors.com/vendor/laravel/framework/src/Illuminate/Pipeline/Pipeline.php(167): App\\Http\\Middleware\\PjaxMiddleware->handle()
#37 /home2/dhhkfrjg/public_html/taxi.atyarealtors.com/app/Http/Middleware/Cors.php(7): Illuminate\\Pipeline\\Pipeline->Illuminate\\Pipeline\\{closure}()
#38 /home2/dhhkfrjg/public_html/taxi.atyarealtors.com/vendor/laravel/framework/src/Illuminate/Pipeline/Pipeline.php(167): App\\Http\\Middleware\\Cors->handle()
#39 /home2/dhhkfrjg/public_html/taxi.atyarealtors.com/vendor/laravel/framework/src/Illuminate/Foundation/Http/Middleware/TransformsRequest.php(21): Illuminate\\Pipeline\\Pipeline->Illuminate\\Pipeline\\{closure}()
#40 /home2/dhhkfrjg/public_html/taxi.atyarealtors.com/vendor/laravel/framework/src/Illuminate/Foundation/Http/Middleware/ConvertEmptyStringsToNull.php(31): Illuminate\\Foundation\\Http\\Middleware\\TransformsRequest->handle()
#41 /home2/dhhkfrjg/public_html/taxi.atyarealtors.com/vendor/laravel/framework/src/Illuminate/Pipeline/Pipeline.php(167): Illuminate\\Foundation\\Http\\Middleware\\ConvertEmptyStringsToNull->handle()
#42 /home2/dhhkfrjg/public_html/taxi.atyarealtors.com/vendor/laravel/framework/src/Illuminate/Foundation/Http/Middleware/TransformsRequest.php(21): Illuminate\\Pipeline\\Pipeline->Illuminate\\Pipeline\\{closure}()
#43 /home2/dhhkfrjg/public_html/taxi.atyarealtors.com/vendor/laravel/framework/src/Illuminate/Foundation/Http/Middleware/TrimStrings.php(40): Illuminate\\Foundation\\Http\\Middleware\\TransformsRequest->handle()
#44 /home2/dhhkfrjg/public_html/taxi.atyarealtors.com/vendor/laravel/framework/src/Illuminate/Pipeline/Pipeline.php(167): Illuminate\\Foundation\\Http\\Middleware\\TrimStrings->handle()
#45 /home2/dhhkfrjg/public_html/taxi.atyarealtors.com/vendor/laravel/framework/src/Illuminate/Foundation/Http/Middleware/ValidatePostSize.php(27): Illuminate\\Pipeline\\Pipeline->Illuminate\\Pipeline\\{closure}()
#46 /home2/dhhkfrjg/public_html/taxi.atyarealtors.com/vendor/laravel/framework/src/Illuminate/Pipeline/Pipeline.php(167): Illuminate\\Foundation\\Http\\Middleware\\ValidatePostSize->handle()
#47 /home2/dhhkfrjg/public_html/taxi.atyarealtors.com/vendor/laravel/framework/src/Illuminate/Foundation/Http/Middleware/PreventRequestsDuringMaintenance.php(86): Illuminate\\Pipeline\\Pipeline->Illuminate\\Pipeline\\{closure}()
#48 /home2/dhhkfrjg/public_html/taxi.atyarealtors.com/vendor/laravel/framework/src/Illuminate/Pipeline/Pipeline.php(167): Illuminate\\Foundation\\Http\\Middleware\\PreventRequestsDuringMaintenance->handle()
#49 /home2/dhhkfrjg/public_html/taxi.atyarealtors.com/vendor/hyn/multi-tenant/src/Middleware/EagerIdentification.php(29): Illuminate\\Pipeline\\Pipeline->Illuminate\\Pipeline\\{closure}()
#50 /home2/dhhkfrjg/public_html/taxi.atyarealtors.com/vendor/laravel/framework/src/Illuminate/Pipeline/Pipeline.php(167): Hyn\\Tenancy\\Middleware\\EagerIdentification->handle()
#51 /home2/dhhkfrjg/public_html/taxi.atyarealtors.com/vendor/hyn/multi-tenant/src/Middleware/HostnameActions.php(75): Illuminate\\Pipeline\\Pipeline->Illuminate\\Pipeline\\{closure}()
#52 /home2/dhhkfrjg/public_html/taxi.atyarealtors.com/vendor/laravel/framework/src/Illuminate/Pipeline/Pipeline.php(167): Hyn\\Tenancy\\Middleware\\HostnameActions->handle()
#53 /home2/dhhkfrjg/public_html/taxi.atyarealtors.com/vendor/laravel/framework/src/Illuminate/Pipeline/Pipeline.php(103): Illuminate\\Pipeline\\Pipeline->Illuminate\\Pipeline\\{closure}()
#54 /home2/dhhkfrjg/public_html/taxi.atyarealtors.com/vendor/laravel/framework/src/Illuminate/Foundation/Http/Kernel.php(142): Illuminate\\Pipeline\\Pipeline->then()
#55 /home2/dhhkfrjg/public_html/taxi.atyarealtors.com/vendor/laravel/framework/src/Illuminate/Foundation/Http/Kernel.php(111): Illuminate\\Foundation\\Http\\Kernel->sendRequestThroughRouter()
#56 /home2/dhhkfrjg/public_html/taxi.atyarealtors.com/public/index.php(52): Illuminate\\Foundation\\Http\\Kernel->handle()
#57 /home2/dhhkfrjg/public_html/taxi.atyarealtors.com/index.php(20): require_once('/home2/dhhkfrjg...')
#58 {main}
"} 
[2023-07-04 21:08:42] local.ERROR: Illuminate\Auth\SessionGuard::login(): Argument #1 ($user) must be of type Illuminate\Contracts\Auth\Authenticatable, null given, called in /home2/dhhkfrjg/public_html/taxi.atyarealtors.com/app/Http/Controllers/Web/FrontPageController.php on line 45 {"exception":"[object] (TypeError(code: 0): Illuminate\\Auth\\SessionGuard::login(): Argument #1 ($user) must be of type Illuminate\\Contracts\\Auth\\Authenticatable, null given, called in /home2/dhhkfrjg/public_html/taxi.atyarealtors.com/app/Http/Controllers/Web/FrontPageController.php on line 45 at /home2/dhhkfrjg/public_html/taxi.atyarealtors.com/vendor/laravel/framework/src/Illuminate/Auth/SessionGuard.php:489)
[stacktrace]
#0 /home2/dhhkfrjg/public_html/taxi.atyarealtors.com/app/Http/Controllers/Web/FrontPageController.php(45): Illuminate\\Auth\\SessionGuard->login()
#1 /home2/dhhkfrjg/public_html/taxi.atyarealtors.com/vendor/laravel/framework/src/Illuminate/Routing/Controller.php(54): App\\Http\\Controllers\\Web\\FrontPageController->index()
#2 /home2/dhhkfrjg/public_html/taxi.atyarealtors.com/vendor/laravel/framework/src/Illuminate/Routing/ControllerDispatcher.php(45): Illuminate\\Routing\\Controller->callAction()
#3 /home2/dhhkfrjg/public_html/taxi.atyarealtors.com/vendor/laravel/framework/src/Illuminate/Routing/Route.php(262): Illuminate\\Routing\\ControllerDispatcher->dispatch()
#4 /home2/dhhkfrjg/public_html/taxi.atyarealtors.com/vendor/laravel/framework/src/Illuminate/Routing/Route.php(205): Illuminate\\Routing\\Route->runController()
#5 /home2/dhhkfrjg/public_html/taxi.atyarealtors.com/vendor/laravel/framework/src/Illuminate/Routing/Router.php(721): Illuminate\\Routing\\Route->run()
#6 /home2/dhhkfrjg/public_html/taxi.atyarealtors.com/vendor/laravel/framework/src/Illuminate/Pipeline/Pipeline.php(128): Illuminate\\Routing\\Router->Illuminate\\Routing\\{closure}()
#7 /home2/dhhkfrjg/public_html/taxi.atyarealtors.com/vendor/laravel/passport/src/Http/Middleware/CreateFreshApiToken.php(50): Illuminate\\Pipeline\\Pipeline->Illuminate\\Pipeline\\{closure}()
#8 /home2/dhhkfrjg/public_html/taxi.atyarealtors.com/vendor/laravel/framework/src/Illuminate/Pipeline/Pipeline.php(167): Laravel\\Passport\\Http\\Middleware\\CreateFreshApiToken->handle()
#9 /home2/dhhkfrjg/public_html/taxi.atyarealtors.com/vendor/laravel/framework/src/Illuminate/Routing/Middleware/SubstituteBindings.php(50): Illuminate\\Pipeline\\Pipeline->Illuminate\\Pipeline\\{closure}()
#10 /home2/dhhkfrjg/public_html/taxi.atyarealtors.com/vendor/laravel/framework/src/Illuminate/Pipeline/Pipeline.php(167): Illuminate\\Routing\\Middleware\\SubstituteBindings->handle()
#11 /home2/dhhkfrjg/public_html/taxi.atyarealtors.com/vendor/laravel/framework/src/Illuminate/Foundation/Http/Middleware/VerifyCsrfToken.php(78): Illuminate\\Pipeline\\Pipeline->Illuminate\\Pipeline\\{closure}()
#12 /home2/dhhkfrjg/public_html/taxi.atyarealtors.com/vendor/laravel/framework/src/Illuminate/Pipeline/Pipeline.php(167): Illuminate\\Foundation\\Http\\Middleware\\VerifyCsrfToken->handle()
#13 /home2/dhhkfrjg/public_html/taxi.atyarealtors.com/vendor/laravel/framework/src/Illuminate/View/Middleware/ShareErrorsFromSession.php(49): Illuminate\\Pipeline\\Pipeline->Illuminate\\Pipeline\\{closure}()
#14 /home2/dhhkfrjg/public_html/taxi.atyarealtors.com/vendor/laravel/framework/src/Illuminate/Pipeline/Pipeline.php(167): Illuminate\\View\\Middleware\\ShareErrorsFromSession->handle()
#15 /home2/dhhkfrjg/public_html/taxi.atyarealtors.com/app/Http/Middleware/SetLocale.php(24): Illuminate\\Pipeline\\Pipeline->Illuminate\\Pipeline\\{closure}()
#16 /home2/dhhkfrjg/public_html/taxi.atyarealtors.com/vendor/laravel/framework/src/Illuminate/Pipeline/Pipeline.php(167): App\\Http\\Middleware\\SetLocale->handle()
#17 /home2/dhhkfrjg/public_html/taxi.atyarealtors.com/vendor/laravel/framework/src/Illuminate/Session/Middleware/StartSession.php(121): Illuminate\\Pipeline\\Pipeline->Illuminate\\Pipeline\\{closure}()
#18 /home2/dhhkfrjg/public_html/taxi.atyarealtors.com/vendor/laravel/framework/src/Illuminate/Session/Middleware/StartSession.php(64): Illuminate\\Session\\Middleware\\StartSession->handleStatefulRequest()
#19 /home2/dhhkfrjg/public_html/taxi.atyarealtors.com/vendor/laravel/framework/src/Illuminate/Pipeline/Pipeline.php(167): Illuminate\\Session\\Middleware\\StartSession->handle()
#20 /home2/dhhkfrjg/public_html/taxi.atyarealtors.com/vendor/laravel/framework/src/Illuminate/Cookie/Middleware/AddQueuedCookiesToResponse.php(37): Illuminate\\Pipeline\\Pipeline->Illuminate\\Pipeline\\{closure}()
#21 /home2/dhhkfrjg/public_html/taxi.atyarealtors.com/vendor/laravel/framework/src/Illuminate/Pipeline/Pipeline.php(167): Illuminate\\Cookie\\Middleware\\AddQueuedCookiesToResponse->handle()
#22 /home2/dhhkfrjg/public_html/taxi.atyarealtors.com/vendor/laravel/framework/src/Illuminate/Cookie/Middleware/EncryptCookies.php(67): Illuminate\\Pipeline\\Pipeline->Illuminate\\Pipeline\\{closure}()
#23 /home2/dhhkfrjg/public_html/taxi.atyarealtors.com/vendor/laravel/framework/src/Illuminate/Pipeline/Pipeline.php(167): Illuminate\\Cookie\\Middleware\\EncryptCookies->handle()
#24 /home2/dhhkfrjg/public_html/taxi.atyarealtors.com/vendor/laravel/framework/src/Illuminate/Pipeline/Pipeline.php(103): Illuminate\\Pipeline\\Pipeline->Illuminate\\Pipeline\\{closure}()
#25 /home2/dhhkfrjg/public_html/taxi.atyarealtors.com/vendor/laravel/framework/src/Illuminate/Routing/Router.php(723): Illuminate\\Pipeline\\Pipeline->then()
#26 /home2/dhhkfrjg/public_html/taxi.atyarealtors.com/vendor/laravel/framework/src/Illuminate/Routing/Router.php(698): Illuminate\\Routing\\Router->runRouteWithinStack()
#27 /home2/dhhkfrjg/public_html/taxi.atyarealtors.com/vendor/laravel/framework/src/Illuminate/Routing/Router.php(662): Illuminate\\Routing\\Router->runRoute()
#28 /home2/dhhkfrjg/public_html/taxi.atyarealtors.com/vendor/laravel/framework/src/Illuminate/Routing/Router.php(651): Illuminate\\Routing\\Router->dispatchToRoute()
#29 /home2/dhhkfrjg/public_html/taxi.atyarealtors.com/vendor/laravel/framework/src/Illuminate/Foundation/Http/Kernel.php(167): Illuminate\\Routing\\Router->dispatch()
#30 /home2/dhhkfrjg/public_html/taxi.atyarealtors.com/vendor/laravel/framework/src/Illuminate/Pipeline/Pipeline.php(128): Illuminate\\Foundation\\Http\\Kernel->Illuminate\\Foundation\\Http\\{closure}()
#31 /home2/dhhkfrjg/public_html/taxi.atyarealtors.com/vendor/proengsoft/laravel-jsvalidation/src/RemoteValidationMiddleware.php(61): Illuminate\\Pipeline\\Pipeline->Illuminate\\Pipeline\\{closure}()
#32 /home2/dhhkfrjg/public_html/taxi.atyarealtors.com/vendor/laravel/framework/src/Illuminate/Pipeline/Pipeline.php(167): Proengsoft\\JsValidation\\RemoteValidationMiddleware->handle()
#33 /home2/dhhkfrjg/public_html/taxi.atyarealtors.com/vendor/barryvdh/laravel-debugbar/src/Middleware/InjectDebugbar.php(66): Illuminate\\Pipeline\\Pipeline->Illuminate\\Pipeline\\{closure}()
#34 /home2/dhhkfrjg/public_html/taxi.atyarealtors.com/vendor/laravel/framework/src/Illuminate/Pipeline/Pipeline.php(167): Barryvdh\\Debugbar\\Middleware\\InjectDebugbar->handle()
#35 /home2/dhhkfrjg/public_html/taxi.atyarealtors.com/app/Http/Middleware/PjaxMiddleware.php(21): Illuminate\\Pipeline\\Pipeline->Illuminate\\Pipeline\\{closure}()
#36 /home2/dhhkfrjg/public_html/taxi.atyarealtors.com/vendor/laravel/framework/src/Illuminate/Pipeline/Pipeline.php(167): App\\Http\\Middleware\\PjaxMiddleware->handle()
#37 /home2/dhhkfrjg/public_html/taxi.atyarealtors.com/app/Http/Middleware/Cors.php(7): Illuminate\\Pipeline\\Pipeline->Illuminate\\Pipeline\\{closure}()
#38 /home2/dhhkfrjg/public_html/taxi.atyarealtors.com/vendor/laravel/framework/src/Illuminate/Pipeline/Pipeline.php(167): App\\Http\\Middleware\\Cors->handle()
#39 /home2/dhhkfrjg/public_html/taxi.atyarealtors.com/vendor/laravel/framework/src/Illuminate/Foundation/Http/Middleware/TransformsRequest.php(21): Illuminate\\Pipeline\\Pipeline->Illuminate\\Pipeline\\{closure}()
#40 /home2/dhhkfrjg/public_html/taxi.atyarealtors.com/vendor/laravel/framework/src/Illuminate/Foundation/Http/Middleware/ConvertEmptyStringsToNull.php(31): Illuminate\\Foundation\\Http\\Middleware\\TransformsRequest->handle()
#41 /home2/dhhkfrjg/public_html/taxi.atyarealtors.com/vendor/laravel/framework/src/Illuminate/Pipeline/Pipeline.php(167): Illuminate\\Foundation\\Http\\Middleware\\ConvertEmptyStringsToNull->handle()
#42 /home2/dhhkfrjg/public_html/taxi.atyarealtors.com/vendor/laravel/framework/src/Illuminate/Foundation/Http/Middleware/TransformsRequest.php(21): Illuminate\\Pipeline\\Pipeline->Illuminate\\Pipeline\\{closure}()
#43 /home2/dhhkfrjg/public_html/taxi.atyarealtors.com/vendor/laravel/framework/src/Illuminate/Foundation/Http/Middleware/TrimStrings.php(40): Illuminate\\Foundation\\Http\\Middleware\\TransformsRequest->handle()
#44 /home2/dhhkfrjg/public_html/taxi.atyarealtors.com/vendor/laravel/framework/src/Illuminate/Pipeline/Pipeline.php(167): Illuminate\\Foundation\\Http\\Middleware\\TrimStrings->handle()
#45 /home2/dhhkfrjg/public_html/taxi.atyarealtors.com/vendor/laravel/framework/src/Illuminate/Foundation/Http/Middleware/ValidatePostSize.php(27): Illuminate\\Pipeline\\Pipeline->Illuminate\\Pipeline\\{closure}()
#46 /home2/dhhkfrjg/public_html/taxi.atyarealtors.com/vendor/laravel/framework/src/Illuminate/Pipeline/Pipeline.php(167): Illuminate\\Foundation\\Http\\Middleware\\ValidatePostSize->handle()
#47 /home2/dhhkfrjg/public_html/taxi.atyarealtors.com/vendor/laravel/framework/src/Illuminate/Foundation/Http/Middleware/PreventRequestsDuringMaintenance.php(86): Illuminate\\Pipeline\\Pipeline->Illuminate\\Pipeline\\{closure}()
#48 /home2/dhhkfrjg/public_html/taxi.atyarealtors.com/vendor/laravel/framework/src/Illuminate/Pipeline/Pipeline.php(167): Illuminate\\Foundation\\Http\\Middleware\\PreventRequestsDuringMaintenance->handle()
#49 /home2/dhhkfrjg/public_html/taxi.atyarealtors.com/vendor/hyn/multi-tenant/src/Middleware/EagerIdentification.php(29): Illuminate\\Pipeline\\Pipeline->Illuminate\\Pipeline\\{closure}()
#50 /home2/dhhkfrjg/public_html/taxi.atyarealtors.com/vendor/laravel/framework/src/Illuminate/Pipeline/Pipeline.php(167): Hyn\\Tenancy\\Middleware\\EagerIdentification->handle()
#51 /home2/dhhkfrjg/public_html/taxi.atyarealtors.com/vendor/hyn/multi-tenant/src/Middleware/HostnameActions.php(75): Illuminate\\Pipeline\\Pipeline->Illuminate\\Pipeline\\{closure}()
#52 /home2/dhhkfrjg/public_html/taxi.atyarealtors.com/vendor/laravel/framework/src/Illuminate/Pipeline/Pipeline.php(167): Hyn\\Tenancy\\Middleware\\HostnameActions->handle()
#53 /home2/dhhkfrjg/public_html/taxi.atyarealtors.com/vendor/laravel/framework/src/Illuminate/Pipeline/Pipeline.php(103): Illuminate\\Pipeline\\Pipeline->Illuminate\\Pipeline\\{closure}()
#54 /home2/dhhkfrjg/public_html/taxi.atyarealtors.com/vendor/laravel/framework/src/Illuminate/Foundation/Http/Kernel.php(142): Illuminate\\Pipeline\\Pipeline->then()
#55 /home2/dhhkfrjg/public_html/taxi.atyarealtors.com/vendor/laravel/framework/src/Illuminate/Foundation/Http/Kernel.php(111): Illuminate\\Foundation\\Http\\Kernel->sendRequestThroughRouter()
#56 /home2/dhhkfrjg/public_html/taxi.atyarealtors.com/public/index.php(52): Illuminate\\Foundation\\Http\\Kernel->handle()
#57 /home2/dhhkfrjg/public_html/taxi.atyarealtors.com/index.php(20): require_once('/home2/dhhkfrjg...')
#58 {main}
"} 
[2023-07-04 22:58:31] local.ERROR: Illuminate\Auth\SessionGuard::login(): Argument #1 ($user) must be of type Illuminate\Contracts\Auth\Authenticatable, null given, called in /home2/dhhkfrjg/public_html/taxi.atyarealtors.com/app/Http/Controllers/Web/FrontPageController.php on line 45 {"exception":"[object] (TypeError(code: 0): Illuminate\\Auth\\SessionGuard::login(): Argument #1 ($user) must be of type Illuminate\\Contracts\\Auth\\Authenticatable, null given, called in /home2/dhhkfrjg/public_html/taxi.atyarealtors.com/app/Http/Controllers/Web/FrontPageController.php on line 45 at /home2/dhhkfrjg/public_html/taxi.atyarealtors.com/vendor/laravel/framework/src/Illuminate/Auth/SessionGuard.php:489)
[stacktrace]
#0 /home2/dhhkfrjg/public_html/taxi.atyarealtors.com/app/Http/Controllers/Web/FrontPageController.php(45): Illuminate\\Auth\\SessionGuard->login()
#1 /home2/dhhkfrjg/public_html/taxi.atyarealtors.com/vendor/laravel/framework/src/Illuminate/Routing/Controller.php(54): App\\Http\\Controllers\\Web\\FrontPageController->index()
#2 /home2/dhhkfrjg/public_html/taxi.atyarealtors.com/vendor/laravel/framework/src/Illuminate/Routing/ControllerDispatcher.php(45): Illuminate\\Routing\\Controller->callAction()
#3 /home2/dhhkfrjg/public_html/taxi.atyarealtors.com/vendor/laravel/framework/src/Illuminate/Routing/Route.php(262): Illuminate\\Routing\\ControllerDispatcher->dispatch()
#4 /home2/dhhkfrjg/public_html/taxi.atyarealtors.com/vendor/laravel/framework/src/Illuminate/Routing/Route.php(205): Illuminate\\Routing\\Route->runController()
#5 /home2/dhhkfrjg/public_html/taxi.atyarealtors.com/vendor/laravel/framework/src/Illuminate/Routing/Router.php(721): Illuminate\\Routing\\Route->run()
#6 /home2/dhhkfrjg/public_html/taxi.atyarealtors.com/vendor/laravel/framework/src/Illuminate/Pipeline/Pipeline.php(128): Illuminate\\Routing\\Router->Illuminate\\Routing\\{closure}()
#7 /home2/dhhkfrjg/public_html/taxi.atyarealtors.com/vendor/laravel/passport/src/Http/Middleware/CreateFreshApiToken.php(50): Illuminate\\Pipeline\\Pipeline->Illuminate\\Pipeline\\{closure}()
#8 /home2/dhhkfrjg/public_html/taxi.atyarealtors.com/vendor/laravel/framework/src/Illuminate/Pipeline/Pipeline.php(167): Laravel\\Passport\\Http\\Middleware\\CreateFreshApiToken->handle()
#9 /home2/dhhkfrjg/public_html/taxi.atyarealtors.com/vendor/laravel/framework/src/Illuminate/Routing/Middleware/SubstituteBindings.php(50): Illuminate\\Pipeline\\Pipeline->Illuminate\\Pipeline\\{closure}()
#10 /home2/dhhkfrjg/public_html/taxi.atyarealtors.com/vendor/laravel/framework/src/Illuminate/Pipeline/Pipeline.php(167): Illuminate\\Routing\\Middleware\\SubstituteBindings->handle()
#11 /home2/dhhkfrjg/public_html/taxi.atyarealtors.com/vendor/laravel/framework/src/Illuminate/Foundation/Http/Middleware/VerifyCsrfToken.php(78): Illuminate\\Pipeline\\Pipeline->Illuminate\\Pipeline\\{closure}()
#12 /home2/dhhkfrjg/public_html/taxi.atyarealtors.com/vendor/laravel/framework/src/Illuminate/Pipeline/Pipeline.php(167): Illuminate\\Foundation\\Http\\Middleware\\VerifyCsrfToken->handle()
#13 /home2/dhhkfrjg/public_html/taxi.atyarealtors.com/vendor/laravel/framework/src/Illuminate/View/Middleware/ShareErrorsFromSession.php(49): Illuminate\\Pipeline\\Pipeline->Illuminate\\Pipeline\\{closure}()
#14 /home2/dhhkfrjg/public_html/taxi.atyarealtors.com/vendor/laravel/framework/src/Illuminate/Pipeline/Pipeline.php(167): Illuminate\\View\\Middleware\\ShareErrorsFromSession->handle()
#15 /home2/dhhkfrjg/public_html/taxi.atyarealtors.com/app/Http/Middleware/SetLocale.php(24): Illuminate\\Pipeline\\Pipeline->Illuminate\\Pipeline\\{closure}()
#16 /home2/dhhkfrjg/public_html/taxi.atyarealtors.com/vendor/laravel/framework/src/Illuminate/Pipeline/Pipeline.php(167): App\\Http\\Middleware\\SetLocale->handle()
#17 /home2/dhhkfrjg/public_html/taxi.atyarealtors.com/vendor/laravel/framework/src/Illuminate/Session/Middleware/StartSession.php(121): Illuminate\\Pipeline\\Pipeline->Illuminate\\Pipeline\\{closure}()
#18 /home2/dhhkfrjg/public_html/taxi.atyarealtors.com/vendor/laravel/framework/src/Illuminate/Session/Middleware/StartSession.php(64): Illuminate\\Session\\Middleware\\StartSession->handleStatefulRequest()
#19 /home2/dhhkfrjg/public_html/taxi.atyarealtors.com/vendor/laravel/framework/src/Illuminate/Pipeline/Pipeline.php(167): Illuminate\\Session\\Middleware\\StartSession->handle()
#20 /home2/dhhkfrjg/public_html/taxi.atyarealtors.com/vendor/laravel/framework/src/Illuminate/Cookie/Middleware/AddQueuedCookiesToResponse.php(37): Illuminate\\Pipeline\\Pipeline->Illuminate\\Pipeline\\{closure}()
#21 /home2/dhhkfrjg/public_html/taxi.atyarealtors.com/vendor/laravel/framework/src/Illuminate/Pipeline/Pipeline.php(167): Illuminate\\Cookie\\Middleware\\AddQueuedCookiesToResponse->handle()
#22 /home2/dhhkfrjg/public_html/taxi.atyarealtors.com/vendor/laravel/framework/src/Illuminate/Cookie/Middleware/EncryptCookies.php(67): Illuminate\\Pipeline\\Pipeline->Illuminate\\Pipeline\\{closure}()
#23 /home2/dhhkfrjg/public_html/taxi.atyarealtors.com/vendor/laravel/framework/src/Illuminate/Pipeline/Pipeline.php(167): Illuminate\\Cookie\\Middleware\\EncryptCookies->handle()
#24 /home2/dhhkfrjg/public_html/taxi.atyarealtors.com/vendor/laravel/framework/src/Illuminate/Pipeline/Pipeline.php(103): Illuminate\\Pipeline\\Pipeline->Illuminate\\Pipeline\\{closure}()
#25 /home2/dhhkfrjg/public_html/taxi.atyarealtors.com/vendor/laravel/framework/src/Illuminate/Routing/Router.php(723): Illuminate\\Pipeline\\Pipeline->then()
#26 /home2/dhhkfrjg/public_html/taxi.atyarealtors.com/vendor/laravel/framework/src/Illuminate/Routing/Router.php(698): Illuminate\\Routing\\Router->runRouteWithinStack()
#27 /home2/dhhkfrjg/public_html/taxi.atyarealtors.com/vendor/laravel/framework/src/Illuminate/Routing/Router.php(662): Illuminate\\Routing\\Router->runRoute()
#28 /home2/dhhkfrjg/public_html/taxi.atyarealtors.com/vendor/laravel/framework/src/Illuminate/Routing/Router.php(651): Illuminate\\Routing\\Router->dispatchToRoute()
#29 /home2/dhhkfrjg/public_html/taxi.atyarealtors.com/vendor/laravel/framework/src/Illuminate/Foundation/Http/Kernel.php(167): Illuminate\\Routing\\Router->dispatch()
#30 /home2/dhhkfrjg/public_html/taxi.atyarealtors.com/vendor/laravel/framework/src/Illuminate/Pipeline/Pipeline.php(128): Illuminate\\Foundation\\Http\\Kernel->Illuminate\\Foundation\\Http\\{closure}()
#31 /home2/dhhkfrjg/public_html/taxi.atyarealtors.com/vendor/proengsoft/laravel-jsvalidation/src/RemoteValidationMiddleware.php(61): Illuminate\\Pipeline\\Pipeline->Illuminate\\Pipeline\\{closure}()
#32 /home2/dhhkfrjg/public_html/taxi.atyarealtors.com/vendor/laravel/framework/src/Illuminate/Pipeline/Pipeline.php(167): Proengsoft\\JsValidation\\RemoteValidationMiddleware->handle()
#33 /home2/dhhkfrjg/public_html/taxi.atyarealtors.com/vendor/barryvdh/laravel-debugbar/src/Middleware/InjectDebugbar.php(66): Illuminate\\Pipeline\\Pipeline->Illuminate\\Pipeline\\{closure}()
#34 /home2/dhhkfrjg/public_html/taxi.atyarealtors.com/vendor/laravel/framework/src/Illuminate/Pipeline/Pipeline.php(167): Barryvdh\\Debugbar\\Middleware\\InjectDebugbar->handle()
#35 /home2/dhhkfrjg/public_html/taxi.atyarealtors.com/app/Http/Middleware/PjaxMiddleware.php(21): Illuminate\\Pipeline\\Pipeline->Illuminate\\Pipeline\\{closure}()
#36 /home2/dhhkfrjg/public_html/taxi.atyarealtors.com/vendor/laravel/framework/src/Illuminate/Pipeline/Pipeline.php(167): App\\Http\\Middleware\\PjaxMiddleware->handle()
#37 /home2/dhhkfrjg/public_html/taxi.atyarealtors.com/app/Http/Middleware/Cors.php(7): Illuminate\\Pipeline\\Pipeline->Illuminate\\Pipeline\\{closure}()
#38 /home2/dhhkfrjg/public_html/taxi.atyarealtors.com/vendor/laravel/framework/src/Illuminate/Pipeline/Pipeline.php(167): App\\Http\\Middleware\\Cors->handle()
#39 /home2/dhhkfrjg/public_html/taxi.atyarealtors.com/vendor/laravel/framework/src/Illuminate/Foundation/Http/Middleware/TransformsRequest.php(21): Illuminate\\Pipeline\\Pipeline->Illuminate\\Pipeline\\{closure}()
#40 /home2/dhhkfrjg/public_html/taxi.atyarealtors.com/vendor/laravel/framework/src/Illuminate/Foundation/Http/Middleware/ConvertEmptyStringsToNull.php(31): Illuminate\\Foundation\\Http\\Middleware\\TransformsRequest->handle()
#41 /home2/dhhkfrjg/public_html/taxi.atyarealtors.com/vendor/laravel/framework/src/Illuminate/Pipeline/Pipeline.php(167): Illuminate\\Foundation\\Http\\Middleware\\ConvertEmptyStringsToNull->handle()
#42 /home2/dhhkfrjg/public_html/taxi.atyarealtors.com/vendor/laravel/framework/src/Illuminate/Foundation/Http/Middleware/TransformsRequest.php(21): Illuminate\\Pipeline\\Pipeline->Illuminate\\Pipeline\\{closure}()
#43 /home2/dhhkfrjg/public_html/taxi.atyarealtors.com/vendor/laravel/framework/src/Illuminate/Foundation/Http/Middleware/TrimStrings.php(40): Illuminate\\Foundation\\Http\\Middleware\\TransformsRequest->handle()
#44 /home2/dhhkfrjg/public_html/taxi.atyarealtors.com/vendor/laravel/framework/src/Illuminate/Pipeline/Pipeline.php(167): Illuminate\\Foundation\\Http\\Middleware\\TrimStrings->handle()
#45 /home2/dhhkfrjg/public_html/taxi.atyarealtors.com/vendor/laravel/framework/src/Illuminate/Foundation/Http/Middleware/ValidatePostSize.php(27): Illuminate\\Pipeline\\Pipeline->Illuminate\\Pipeline\\{closure}()
#46 /home2/dhhkfrjg/public_html/taxi.atyarealtors.com/vendor/laravel/framework/src/Illuminate/Pipeline/Pipeline.php(167): Illuminate\\Foundation\\Http\\Middleware\\ValidatePostSize->handle()
#47 /home2/dhhkfrjg/public_html/taxi.atyarealtors.com/vendor/laravel/framework/src/Illuminate/Foundation/Http/Middleware/PreventRequestsDuringMaintenance.php(86): Illuminate\\Pipeline\\Pipeline->Illuminate\\Pipeline\\{closure}()
#48 /home2/dhhkfrjg/public_html/taxi.atyarealtors.com/vendor/laravel/framework/src/Illuminate/Pipeline/Pipeline.php(167): Illuminate\\Foundation\\Http\\Middleware\\PreventRequestsDuringMaintenance->handle()
#49 /home2/dhhkfrjg/public_html/taxi.atyarealtors.com/vendor/hyn/multi-tenant/src/Middleware/EagerIdentification.php(29): Illuminate\\Pipeline\\Pipeline->Illuminate\\Pipeline\\{closure}()
#50 /home2/dhhkfrjg/public_html/taxi.atyarealtors.com/vendor/laravel/framework/src/Illuminate/Pipeline/Pipeline.php(167): Hyn\\Tenancy\\Middleware\\EagerIdentification->handle()
#51 /home2/dhhkfrjg/public_html/taxi.atyarealtors.com/vendor/hyn/multi-tenant/src/Middleware/HostnameActions.php(75): Illuminate\\Pipeline\\Pipeline->Illuminate\\Pipeline\\{closure}()
#52 /home2/dhhkfrjg/public_html/taxi.atyarealtors.com/vendor/laravel/framework/src/Illuminate/Pipeline/Pipeline.php(167): Hyn\\Tenancy\\Middleware\\HostnameActions->handle()
#53 /home2/dhhkfrjg/public_html/taxi.atyarealtors.com/vendor/laravel/framework/src/Illuminate/Pipeline/Pipeline.php(103): Illuminate\\Pipeline\\Pipeline->Illuminate\\Pipeline\\{closure}()
#54 /home2/dhhkfrjg/public_html/taxi.atyarealtors.com/vendor/laravel/framework/src/Illuminate/Foundation/Http/Kernel.php(142): Illuminate\\Pipeline\\Pipeline->then()
#55 /home2/dhhkfrjg/public_html/taxi.atyarealtors.com/vendor/laravel/framework/src/Illuminate/Foundation/Http/Kernel.php(111): Illuminate\\Foundation\\Http\\Kernel->sendRequestThroughRouter()
#56 /home2/dhhkfrjg/public_html/taxi.atyarealtors.com/public/index.php(52): Illuminate\\Foundation\\Http\\Kernel->handle()
#57 /home2/dhhkfrjg/public_html/taxi.atyarealtors.com/index.php(20): require_once('/home2/dhhkfrjg...')
#58 {main}
"} 
